<?xml version="1.0" encoding="UTF-8"?>
<testng-results ignored="0" total="4" passed="4" failed="0" skipped="0">
  <reporter-output>
  </reporter-output>
  <suite started-at="2025-03-21T08:25:38 IST" name="Default suite" finished-at="2025-03-21T08:25:55 IST" duration-ms="17367">
    <groups>
      <group name="cucumber">
        <method signature="AbstractTestNGCucumberTests.runScenario(io.cucumber.testng.PickleWrapper,io.cucumber.testng.FeatureWrapper)[pri:0, instance:org.TestRunner.TestRunner@8458f04]" name="runScenario" class="io.cucumber.testng.AbstractTestNGCucumberTests"/>
      </group> <!-- cucumber -->
    </groups>
    <test started-at="2025-03-21T08:25:38 IST" name="Default test" finished-at="2025-03-21T08:25:55 IST" duration-ms="17367">
      <class name="org.TestRunner.TestRunner">
        <test-method is-config="true" signature="setUpClass(org.testng.ITestContext)[pri:0, instance:org.TestRunner.TestRunner@8458f04]" started-at="2025-03-21T08:25:38 IST" name="setUpClass" finished-at="2025-03-21T08:25:39 IST" duration-ms="836" status="PASS">
          <params>
            <param index="0">
              <value>
                <![CDATA[org.testng.TestRunner@76464795]]>
              </value>
            </param>
          </params>
          <reporter-output>
          </reporter-output>
        </test-method> <!-- setUpClass -->
        <test-method signature="runScenario(io.cucumber.testng.PickleWrapper,io.cucumber.testng.FeatureWrapper)[pri:0, instance:org.TestRunner.TestRunner@8458f04]" started-at="2025-03-21T08:25:39 IST" name="runScenario" description="Runs Cucumber Scenarios" data-provider="scenarios" finished-at="2025-03-21T08:25:44 IST" duration-ms="5573" status="PASS">
          <params>
            <param index="0">
              <value>
                <![CDATA["Verify login functionality with valid credentials"]]>
              </value>
            </param>
            <param index="1">
              <value>
                <![CDATA["Login Page feature"]]>
              </value>
            </param>
          </params>
          <reporter-output>
          </reporter-output>
        </test-method> <!-- runScenario -->
        <test-method signature="runScenario(io.cucumber.testng.PickleWrapper,io.cucumber.testng.FeatureWrapper)[pri:0, instance:org.TestRunner.TestRunner@8458f04]" started-at="2025-03-21T08:25:44 IST" name="runScenario" description="Runs Cucumber Scenarios" data-provider="scenarios" finished-at="2025-03-21T08:25:48 IST" duration-ms="3673" status="PASS">
          <params>
            <param index="0">
              <value>
                <![CDATA["Verify login functionality with negative credentials"]]>
              </value>
            </param>
            <param index="1">
              <value>
                <![CDATA["Login Page feature"]]>
              </value>
            </param>
          </params>
          <reporter-output>
          </reporter-output>
        </test-method> <!-- runScenario -->
        <test-method signature="runScenario(io.cucumber.testng.PickleWrapper,io.cucumber.testng.FeatureWrapper)[pri:0, instance:org.TestRunner.TestRunner@8458f04]" started-at="2025-03-21T08:25:48 IST" name="runScenario" description="Runs Cucumber Scenarios" data-provider="scenarios" finished-at="2025-03-21T08:25:51 IST" duration-ms="3491" status="PASS">
          <params>
            <param index="0">
              <value>
                <![CDATA["Verify login functionality with negative credentials"]]>
              </value>
            </param>
            <param index="1">
              <value>
                <![CDATA["Login Page feature"]]>
              </value>
            </param>
          </params>
          <reporter-output>
          </reporter-output>
        </test-method> <!-- runScenario -->
        <test-method signature="runScenario(io.cucumber.testng.PickleWrapper,io.cucumber.testng.FeatureWrapper)[pri:0, instance:org.TestRunner.TestRunner@8458f04]" started-at="2025-03-21T08:25:51 IST" name="runScenario" description="Runs Cucumber Scenarios" data-provider="scenarios" finished-at="2025-03-21T08:25:55 IST" duration-ms="3631" status="PASS">
          <params>
            <param index="0">
              <value>
                <![CDATA["Verify login functionality with negative credentials"]]>
              </value>
            </param>
            <param index="1">
              <value>
                <![CDATA["Login Page feature"]]>
              </value>
            </param>
          </params>
          <reporter-output>
          </reporter-output>
        </test-method> <!-- runScenario -->
        <test-method is-config="true" signature="tearDownClass()[pri:0, instance:org.TestRunner.TestRunner@8458f04]" started-at="2025-03-21T08:25:55 IST" name="tearDownClass" finished-at="2025-03-21T08:25:55 IST" duration-ms="102" status="PASS">
          <reporter-output>
          </reporter-output>
        </test-method> <!-- tearDownClass -->
      </class> <!-- org.TestRunner.TestRunner -->
    </test> <!-- Default test -->
  </suite> <!-- Default suite -->
</testng-results>
